Loading source files for package BattleshipGame...
Constructing Javadoc information...
Building index for all the packages and classes...
Standard Doclet version 20.0.2+9-78
Building tree for all the packages and classes...
Generating doc\BattleshipGame\GameClient.html...
Generating doc\BattleshipGame\GameConfig.html...
Generating doc\BattleshipGame\GameController.html...
Generating doc\BattleshipGame\GameLauncher.html...
Generating doc\BattleshipGame\GameModel.html...
Generating doc\BattleshipGame\GameServer.html...
Generating doc\BattleshipGame\GameView.html...
Generating doc\BattleshipGame\package-summary.html...
Generating doc\BattleshipGame\package-tree.html...
Generating doc\serialized-form.html...
Generating doc\overview-tree.html...
Building index for all classes...
Generating doc\allclasses-index.html...
Generating doc\allpackages-index.html...
Generating doc\index-all.html...
Generating doc\search.html...
Generating doc\index.html...
Generating doc\help-doc.html...
